2019-10-04 14:23:24 [Program/SetConnectionString] Error getting connection string.
2019-10-04 14:23:24 System.UnauthorizedAccessException: Access to the registry key 'HKEY_LOCAL_MACHINE\SOFTWARE\Datascan' is denied.
   at Transight.Interface.Common.Func.GetPOSRegistryConnectionString() in C:\_Project\Mall Interface\Chilis Paradigm Mall\TSSS-4731-ChilisParadigmMall\Transight.Interface.Common\Common.cs:line 51
   at TransightInterface.Program.SetConnectionString() in C:\_Project\Mall Interface\Chilis Paradigm Mall\TSSS-4731-ChilisParadigmMall\ParadigmMallInterface\Program.cs:line 215
2019-10-04 14:23:33 [Program/SetConnectionString] Error getting connection string.
2019-10-04 14:23:33 System.UnauthorizedAccessException: Access to the registry key 'HKEY_LOCAL_MACHINE\SOFTWARE\Datascan' is denied.
   at Transight.Interface.Common.Func.GetPOSRegistryConnectionString() in C:\_Project\Mall Interface\Chilis Paradigm Mall\TSSS-4731-ChilisParadigmMall\Transight.Interface.Common\Common.cs:line 51
   at TransightInterface.Program.SetConnectionString() in C:\_Project\Mall Interface\Chilis Paradigm Mall\TSSS-4731-ChilisParadigmMall\ParadigmMallInterface\Program.cs:line 215
2019-10-04 14:25:07 [AppConfig/Load] Error loading configs.
2019-10-04 14:25:07 System.ApplicationException: Error getting Transight DB option
   at Transight.Interface.Config.AppConfig.Load(Boolean ShowMessage) in C:\_Project\Mall Interface\Chilis Paradigm Mall\TSSS-4731-ChilisParadigmMall\Transight.Interface.Config\AppConfig.cs:line 106
2019-10-04 14:25:10 [AppConfig/Load] Error loading configs.
2019-10-04 14:25:10 System.ApplicationException: Error getting Transight DB option
   at Transight.Interface.Config.AppConfig.Load(Boolean ShowMessage) in C:\_Project\Mall Interface\Chilis Paradigm Mall\TSSS-4731-ChilisParadigmMall\Transight.Interface.Config\AppConfig.cs:line 106
2019-10-04 14:25:35 [AppConfig/Load] Error loading configs.
2019-10-04 14:25:35 System.ApplicationException: Error getting Transight DB option
   at Transight.Interface.Config.AppConfig.Load(Boolean ShowMessage) in C:\_Project\Mall Interface\Chilis Paradigm Mall\TSSS-4731-ChilisParadigmMall\Transight.Interface.Config\AppConfig.cs:line 106
2019-10-04 14:26:18 [Program/SetConnectionString] Error getting connection string.
2019-10-04 14:26:18 System.UnauthorizedAccessException: Access to the registry key 'HKEY_LOCAL_MACHINE\SOFTWARE\Datascan' is denied.
   at Transight.Interface.Common.Func.GetPOSRegistryConnectionString() in C:\_Project\Mall Interface\Chilis Paradigm Mall\TSSS-4731-ChilisParadigmMall\Transight.Interface.Common\Common.cs:line 51
   at TransightInterface.Program.SetConnectionString() in C:\_Project\Mall Interface\Chilis Paradigm Mall\TSSS-4731-ChilisParadigmMall\ParadigmMallInterface\Program.cs:line 215
2019-10-04 14:27:25 [Program/SetConnectionString] Error getting connection string.
2019-10-04 14:27:25 System.UnauthorizedAccessException: Access to the registry key 'HKEY_LOCAL_MACHINE\SOFTWARE\Datascan' is denied.
   at Transight.Interface.Common.Func.GetPOSRegistryConnectionString() in C:\_Project\Mall Interface\Chilis Paradigm Mall\TSSS-4731-ChilisParadigmMall\Transight.Interface.Common\Common.cs:line 51
   at TransightInterface.Program.SetConnectionString() in C:\_Project\Mall Interface\Chilis Paradigm Mall\TSSS-4731-ChilisParadigmMall\ParadigmMallInterface\Program.cs:line 215
