2019-12-20 09:46:25 [Business/Export] WebException Error during export to FTP.
2019-12-20 09:46:25 
2019-12-20 09:49:06 [Business/Export] WebException Error during export to FTP.
2019-12-20 09:49:06 
2019-12-20 09:51:24 [Data/GetPostmasterSHList] Error getting data data [SELECT SerialTable_Count FROM ParadigmMall_seq WHERE SerialTable_Date= @BusinessDate] [2019-12-01]
2019-12-20 09:51:24 System.Data.SqlClient.SqlException: Could not find stored procedure 'sp_SalesDailyGTO1'.
   at System.Data.SqlClient.SqlConnection.OnError(SqlException exception, Boolean breakConnection)
   at System.Data.SqlClient.TdsParser.ThrowExceptionAndWarning(TdsParserStateObject stateObj)
   at System.Data.SqlClient.TdsParser.Run(RunBehavior runBehavior, SqlCommand cmdHandler, SqlDataReader dataStream, BulkCopySimpleResultSet bulkCopyHandler, TdsParserStateObject stateObj)
   at System.Data.SqlClient.SqlDataReader.ConsumeMetaData()
   at System.Data.SqlClient.SqlDataReader.get_MetaData()
   at System.Data.SqlClient.SqlCommand.FinishExecuteReader(SqlDataReader ds, RunBehavior runBehavior, String resetOptionsString)
   at System.Data.SqlClient.SqlCommand.RunExecuteReaderTds(CommandBehavior cmdBehavior, RunBehavior runBehavior, Boolean returnStream, Boolean async)
   at System.Data.SqlClient.SqlCommand.RunExecuteReader(CommandBehavior cmdBehavior, RunBehavior runBehavior, Boolean returnStream, String method, DbAsyncResult result)
   at System.Data.SqlClient.SqlCommand.RunExecuteReader(CommandBehavior cmdBehavior, RunBehavior runBehavior, Boolean returnStream, String method)
   at System.Data.SqlClient.SqlCommand.ExecuteReader(CommandBehavior behavior, String method)
   at System.Data.SqlClient.SqlCommand.ExecuteDbDataReader(CommandBehavior behavior)
   at System.Data.Common.DbCommand.System.Data.IDbCommand.ExecuteReader(CommandBehavior behavior)
   at System.Data.Common.DbDataAdapter.FillInternal(DataSet dataset, DataTable[] datatables, Int32 startRecord, Int32 maxRecords, String srcTable, IDbCommand command, CommandBehavior behavior)
   at System.Data.Common.DbDataAdapter.Fill(DataTable[] dataTables, Int32 startRecord, Int32 maxRecords, IDbCommand command, CommandBehavior behavior)
   at System.Data.Common.DbDataAdapter.Fill(DataTable dataTable)
   at TransightInterface.Data.GetPosmasterSHList(DateTime GenerateDate) in C:\Nurul\Code\OT-Senai\OT-Senai\ParadigmMallInterface\Data.cs:line 512
2019-12-20 09:51:25 [Business/Export] Error during export.
2019-12-20 09:51:25 System.ApplicationException: Error getting data.
   at TransightInterface.Data.GetPosmasterSHList(DateTime GenerateDate) in C:\Nurul\Code\OT-Senai\OT-Senai\ParadigmMallInterface\Data.cs:line 611
   at TransightInterface.Business.Export(DateTime StartDate, DateTime EndDate, FormMain FrmMain) in C:\Nurul\Code\OT-Senai\OT-Senai\ParadigmMallInterface\Business.cs:line 339
2019-12-20 09:52:55 [Data/GetPostmasterSHList] Error getting data data [SELECT SerialTable_Count FROM ParadigmMall_seq WHERE SerialTable_Date= @BusinessDate] [2019-12-01]
2019-12-20 09:52:55 System.Data.SqlClient.SqlException: Could not find stored procedure 'sp_SalesDailyGTO1'.
   at System.Data.SqlClient.SqlConnection.OnError(SqlException exception, Boolean breakConnection)
   at System.Data.SqlClient.TdsParser.ThrowExceptionAndWarning(TdsParserStateObject stateObj)
   at System.Data.SqlClient.TdsParser.Run(RunBehavior runBehavior, SqlCommand cmdHandler, SqlDataReader dataStream, BulkCopySimpleResultSet bulkCopyHandler, TdsParserStateObject stateObj)
   at System.Data.SqlClient.SqlDataReader.ConsumeMetaData()
   at System.Data.SqlClient.SqlDataReader.get_MetaData()
   at System.Data.SqlClient.SqlCommand.FinishExecuteReader(SqlDataReader ds, RunBehavior runBehavior, String resetOptionsString)
   at System.Data.SqlClient.SqlCommand.RunExecuteReaderTds(CommandBehavior cmdBehavior, RunBehavior runBehavior, Boolean returnStream, Boolean async)
   at System.Data.SqlClient.SqlCommand.RunExecuteReader(CommandBehavior cmdBehavior, RunBehavior runBehavior, Boolean returnStream, String method, DbAsyncResult result)
   at System.Data.SqlClient.SqlCommand.RunExecuteReader(CommandBehavior cmdBehavior, RunBehavior runBehavior, Boolean returnStream, String method)
   at System.Data.SqlClient.SqlCommand.ExecuteReader(CommandBehavior behavior, String method)
   at System.Data.SqlClient.SqlCommand.ExecuteDbDataReader(CommandBehavior behavior)
   at System.Data.Common.DbCommand.System.Data.IDbCommand.ExecuteReader(CommandBehavior behavior)
   at System.Data.Common.DbDataAdapter.FillInternal(DataSet dataset, DataTable[] datatables, Int32 startRecord, Int32 maxRecords, String srcTable, IDbCommand command, CommandBehavior behavior)
   at System.Data.Common.DbDataAdapter.Fill(DataTable[] dataTables, Int32 startRecord, Int32 maxRecords, IDbCommand command, CommandBehavior behavior)
   at System.Data.Common.DbDataAdapter.Fill(DataTable dataTable)
   at TransightInterface.Data.GetPosmasterSHList(DateTime GenerateDate) in C:\Nurul\Code\OT-Senai\OT-Senai\ParadigmMallInterface\Data.cs:line 512
2019-12-20 09:52:56 [Business/Export] Error during export.
2019-12-20 09:52:56 System.ApplicationException: Error getting data.
   at TransightInterface.Data.GetPosmasterSHList(DateTime GenerateDate) in C:\Nurul\Code\OT-Senai\OT-Senai\ParadigmMallInterface\Data.cs:line 611
   at TransightInterface.Business.Export(DateTime StartDate, DateTime EndDate, FormMain FrmMain) in C:\Nurul\Code\OT-Senai\OT-Senai\ParadigmMallInterface\Business.cs:line 339
2019-12-20 09:53:33 [Business/Export] WebException Error during export to FTP.
2019-12-20 09:53:33 
2019-12-20 09:53:36 [Business/Export] WebException Error during export to FTP.
2019-12-20 09:53:36 
2019-12-20 09:53:40 [Business/Export] WebException Error during export to FTP.
2019-12-20 09:53:40 
2019-12-20 10:00:55 [Business/Export] WebException Error during export to FTP.
2019-12-20 10:00:55 
2019-12-20 10:00:58 [Business/Export] WebException Error during export to FTP.
2019-12-20 10:00:58 
2019-12-20 10:01:00 [Business/Export] WebException Error during export to FTP.
2019-12-20 10:01:00 
2019-12-20 10:04:03 [Business/Export] WebException Error during export to FTP.
2019-12-20 10:04:03 
2019-12-20 10:04:04 [Business/Export] WebException Error during export to FTP.
2019-12-20 10:04:04 
2019-12-20 10:04:06 [Business/Export] WebException Error during export to FTP.
2019-12-20 10:04:06 
2019-12-20 11:57:10 [Business/Export] WebException Error during export to FTP.
2019-12-20 11:57:10 
2019-12-20 11:57:11 [Business/Export] WebException Error during export to FTP.
2019-12-20 11:57:11 
2019-12-20 11:57:13 [Business/Export] WebException Error during export to FTP.
2019-12-20 11:57:13 
2019-12-20 12:01:39 [Business/Export] WebException Error during export to FTP.
2019-12-20 12:01:39 
2019-12-20 12:01:41 [Business/Export] WebException Error during export to FTP.
2019-12-20 12:01:41 
2019-12-20 12:01:43 [Business/Export] WebException Error during export to FTP.
2019-12-20 12:01:43 
2019-12-20 12:04:07 [Business/Export] WebException Error during export to FTP.
2019-12-20 12:04:07 
2019-12-20 12:04:08 [Business/Export] WebException Error during export to FTP.
2019-12-20 12:04:08 
2019-12-20 12:04:09 [Business/Export] WebException Error during export to FTP.
2019-12-20 12:04:09 
2019-12-20 12:24:29 [Business/Export] WebException Error during export to FTP.
2019-12-20 12:24:29 
2019-12-20 12:24:29 [Business/Export] WebException Error during export to FTP.
2019-12-20 12:24:29 
2019-12-20 12:24:29 [Business/Export] WebException Error during export to FTP.
2019-12-20 12:24:29 
2019-12-20 12:25:11 [Business/Export] WebException Error during export to FTP.
2019-12-20 12:25:11 
2019-12-20 12:25:11 [Business/Export] WebException Error during export to FTP.
2019-12-20 12:25:11 
2019-12-20 12:25:11 [Business/Export] WebException Error during export to FTP.
2019-12-20 12:25:11 
2019-12-20 12:30:11 [Business/Export] WebException Error during export to FTP.
2019-12-20 12:30:11 
