2019-10-03 11:20:15 [AppConfig/Load] Error loading configs.
2019-10-03 11:20:15 System.ApplicationException: Error getting setting string for [C04]
   at Transight.Interface.Config.AppConfig.Load(Boolean ShowMessage) in C:\_Project\Mall Interface\Chilis Paradigm Mall\TSSS-4731-ChilisParadigmMall\Transight.Interface.Config\AppConfig.cs:line 161
2019-10-03 11:20:53 [AppConfig/Load] Error loading configs.
2019-10-03 11:20:53 System.ApplicationException: Error getting setting string for [C04]
   at Transight.Interface.Config.AppConfig.Load(Boolean ShowMessage) in C:\_Project\Mall Interface\Chilis Paradigm Mall\TSSS-4731-ChilisParadigmMall\Transight.Interface.Config\AppConfig.cs:line 161
2019-10-03 11:21:41 [AppConfig/Load] Error loading configs.
2019-10-03 11:21:41 System.ApplicationException: Error getting setting string for [C04]
   at Transight.Interface.Config.AppConfig.Load(Boolean ShowMessage) in C:\_Project\Mall Interface\Chilis Paradigm Mall\TSSS-4731-ChilisParadigmMall\Transight.Interface.Config\AppConfig.cs:line 161
2019-10-03 11:22:09 [AppConfig/Load] Error loading configs.
2019-10-03 11:22:09 System.ApplicationException: Error getting setting string for [C04]
   at Transight.Interface.Config.AppConfig.Load(Boolean ShowMessage) in C:\_Project\Mall Interface\Chilis Paradigm Mall\TSSS-4731-ChilisParadigmMall\Transight.Interface.Config\AppConfig.cs:line 161
2019-10-03 11:44:46 [Data/CheckConnection] Error opening DB connection [Initial Catalog=POS_Chilis;Data Source=MY-SOL-CSTHONG\SQLEX;user ID=datascan;password=dtsbsd7188228;].
2019-10-03 11:44:46 System.Data.SqlClient.SqlException: A network-related or instance-specific error occurred while establishing a connection to SQL Server. The server was not found or was not accessible. Verify that the instance name is correct and that SQL Server is configured to allow remote connections. (provider: SQL Network Interfaces, error: 26 - Error Locating Server/Instance Specified)
   at System.Data.SqlClient.SqlInternalConnection.OnError(SqlException exception, Boolean breakConnection)
   at System.Data.SqlClient.TdsParser.ThrowExceptionAndWarning(TdsParserStateObject stateObj)
   at System.Data.SqlClient.TdsParser.Connect(ServerInfo serverInfo, SqlInternalConnectionTds connHandler, Boolean ignoreSniOpenTimeout, Int64 timerExpire, Boolean encrypt, Boolean trustServerCert, Boolean integratedSecurity, SqlConnection owningObject, Boolean withFailover)
   at System.Data.SqlClient.SqlInternalConnectionTds.AttemptOneLogin(ServerInfo serverInfo, String newPassword, Boolean ignoreSniOpenTimeout, Int64 timerExpire, SqlConnection owningObject, Boolean withFailover)
   at System.Data.SqlClient.SqlInternalConnectionTds.LoginNoFailover(String host, String newPassword, Boolean redirectedUserInstance, SqlConnection owningObject, SqlConnectionString connectionOptions, Int64 timerStart)
   at System.Data.SqlClient.SqlInternalConnectionTds.OpenLoginEnlist(SqlConnection owningObject, SqlConnectionString connectionOptions, String newPassword, Boolean redirectedUserInstance)
   at System.Data.SqlClient.SqlInternalConnectionTds..ctor(DbConnectionPoolIdentity identity, SqlConnectionString connectionOptions, Object providerInfo, String newPassword, SqlConnection owningObject, Boolean redirectedUserInstance)
   at System.Data.SqlClient.SqlConnectionFactory.CreateConnection(DbConnectionOptions options, Object poolGroupProviderInfo, DbConnectionPool pool, DbConnection owningConnection)
   at System.Data.ProviderBase.DbConnectionFactory.CreatePooledConnection(DbConnection owningConnection, DbConnectionPool pool, DbConnectionOptions options)
   at System.Data.ProviderBase.DbConnectionPool.CreateObject(DbConnection owningObject)
   at System.Data.ProviderBase.DbConnectionPool.UserCreateRequest(DbConnection owningObject)
   at System.Data.ProviderBase.DbConnectionPool.GetConnection(DbConnection owningObject)
   at System.Data.ProviderBase.DbConnectionFactory.GetConnection(DbConnection owningConnection)
   at System.Data.ProviderBase.DbConnectionClosed.OpenConnection(DbConnection outerConnection, DbConnectionFactory connectionFactory)
   at System.Data.SqlClient.SqlConnection.Open()
   at TransightInterface.Data.CheckConnection() in C:\_Project\Mall Interface\Chilis Paradigm Mall\TSSS-4731-ChilisParadigmMall\ParadigmMallInterface\Data.cs:line 57
2019-10-03 12:35:21 [Data/CheckConnection] Error opening DB connection [Initial Catalog=POS_TCRS_IOI_P;Data Source=MY-SOL-CSTHONG\SQLEXPRESS;user ID=datascan;password=dtsbsd7188228].
2019-10-03 12:35:21 System.Data.SqlClient.SqlException: Login failed for user 'datascan'.
   at System.Data.SqlClient.SqlInternalConnection.OnError(SqlException exception, Boolean breakConnection)
   at System.Data.SqlClient.TdsParser.ThrowExceptionAndWarning(TdsParserStateObject stateObj)
   at System.Data.SqlClient.TdsParser.Run(RunBehavior runBehavior, SqlCommand cmdHandler, SqlDataReader dataStream, BulkCopySimpleResultSet bulkCopyHandler, TdsParserStateObject stateObj)
   at System.Data.SqlClient.SqlInternalConnectionTds.CompleteLogin(Boolean enlistOK)
   at System.Data.SqlClient.SqlInternalConnectionTds.AttemptOneLogin(ServerInfo serverInfo, String newPassword, Boolean ignoreSniOpenTimeout, Int64 timerExpire, SqlConnection owningObject, Boolean withFailover)
   at System.Data.SqlClient.SqlInternalConnectionTds.LoginNoFailover(String host, String newPassword, Boolean redirectedUserInstance, SqlConnection owningObject, SqlConnectionString connectionOptions, Int64 timerStart)
   at System.Data.SqlClient.SqlInternalConnectionTds.OpenLoginEnlist(SqlConnection owningObject, SqlConnectionString connectionOptions, String newPassword, Boolean redirectedUserInstance)
   at System.Data.SqlClient.SqlInternalConnectionTds..ctor(DbConnectionPoolIdentity identity, SqlConnectionString connectionOptions, Object providerInfo, String newPassword, SqlConnection owningObject, Boolean redirectedUserInstance)
   at System.Data.SqlClient.SqlConnectionFactory.CreateConnection(DbConnectionOptions options, Object poolGroupProviderInfo, DbConnectionPool pool, DbConnection owningConnection)
   at System.Data.ProviderBase.DbConnectionFactory.CreatePooledConnection(DbConnection owningConnection, DbConnectionPool pool, DbConnectionOptions options)
   at System.Data.ProviderBase.DbConnectionPool.CreateObject(DbConnection owningObject)
   at System.Data.ProviderBase.DbConnectionPool.UserCreateRequest(DbConnection owningObject)
   at System.Data.ProviderBase.DbConnectionPool.GetConnection(DbConnection owningObject)
   at System.Data.ProviderBase.DbConnectionFactory.GetConnection(DbConnection owningConnection)
   at System.Data.ProviderBase.DbConnectionClosed.OpenConnection(DbConnection outerConnection, DbConnectionFactory connectionFactory)
   at System.Data.SqlClient.SqlConnection.Open()
   at TransightInterface.Data.CheckConnection() in C:\_Project\Mall Interface\Chilis Paradigm Mall\TSSS-4731-ChilisParadigmMall\ParadigmMallInterface\Data.cs:line 57
