2019-12-17 14:29:37 [Business/Export] WebException Error during export to FTP.
2019-12-17 14:29:37 
2019-12-17 14:30:00 [Business/Export] WebException Error during export to FTP.
2019-12-17 14:30:00 
2019-12-17 14:30:00 [Business/Export] WebException Error during export to FTP.
2019-12-17 14:30:00 
2019-12-17 14:30:21 [Business/Export] WebException Error during export to FTP.
2019-12-17 14:30:21 
2019-12-17 14:30:21 [Business/Export] WebException Error during export to FTP.
2019-12-17 14:30:21 
2019-12-17 14:30:21 [Business/Export] WebException Error during export to FTP.
2019-12-17 14:30:21 
2019-12-17 15:22:37 [Data/CheckConnection] Error opening DB connection [Initial Catalog=POS;Data Source=192.168.30.133;user ID=datascan;password=DTSbsd7188228].
2019-12-17 15:22:37 System.Data.SqlClient.SqlException: Login failed for user 'datascan'.
   at System.Data.SqlClient.SqlInternalConnection.OnError(SqlException exception, Boolean breakConnection)
   at System.Data.SqlClient.TdsParser.ThrowExceptionAndWarning(TdsParserStateObject stateObj)
   at System.Data.SqlClient.TdsParser.Run(RunBehavior runBehavior, SqlCommand cmdHandler, SqlDataReader dataStream, BulkCopySimpleResultSet bulkCopyHandler, TdsParserStateObject stateObj)
   at System.Data.SqlClient.SqlInternalConnectionTds.CompleteLogin(Boolean enlistOK)
   at System.Data.SqlClient.SqlInternalConnectionTds.AttemptOneLogin(ServerInfo serverInfo, String newPassword, Boolean ignoreSniOpenTimeout, Int64 timerExpire, SqlConnection owningObject)
   at System.Data.SqlClient.SqlInternalConnectionTds.LoginNoFailover(String host, String newPassword, Boolean redirectedUserInstance, SqlConnection owningObject, SqlConnectionString connectionOptions, Int64 timerStart)
   at System.Data.SqlClient.SqlInternalConnectionTds.OpenLoginEnlist(SqlConnection owningObject, SqlConnectionString connectionOptions, String newPassword, Boolean redirectedUserInstance)
   at System.Data.SqlClient.SqlInternalConnectionTds..ctor(DbConnectionPoolIdentity identity, SqlConnectionString connectionOptions, Object providerInfo, String newPassword, SqlConnection owningObject, Boolean redirectedUserInstance)
   at System.Data.SqlClient.SqlConnectionFactory.CreateConnection(DbConnectionOptions options, Object poolGroupProviderInfo, DbConnectionPool pool, DbConnection owningConnection)
   at System.Data.ProviderBase.DbConnectionFactory.CreatePooledConnection(DbConnection owningConnection, DbConnectionPool pool, DbConnectionOptions options)
   at System.Data.ProviderBase.DbConnectionPool.CreateObject(DbConnection owningObject)
   at System.Data.ProviderBase.DbConnectionPool.UserCreateRequest(DbConnection owningObject)
   at System.Data.ProviderBase.DbConnectionPool.GetConnection(DbConnection owningObject)
   at System.Data.ProviderBase.DbConnectionFactory.GetConnection(DbConnection owningConnection)
   at System.Data.ProviderBase.DbConnectionClosed.OpenConnection(DbConnection outerConnection, DbConnectionFactory connectionFactory)
   at System.Data.SqlClient.SqlConnection.Open()
   at TransightInterface.Data.CheckConnection() in C:\Nurul\OT-ParadigmPJ\OT-ChilisParadigmMall\ParadigmMallInterface\Data.cs:line 57
2019-12-17 15:24:02 [Business/Export] WebException Error during export to FTP.
2019-12-17 15:24:02 
2019-12-17 15:54:37 [Business/Export] WebException Error during export to FTP.
2019-12-17 15:54:38 
2019-12-17 16:04:52 [Business/Export] WebException Error during export to FTP.
2019-12-17 16:04:52 
2019-12-17 16:07:50 [Business/Export] WebException Error during export to FTP.
2019-12-17 16:07:50 
2019-12-17 18:53:43 [Business/Export] WebException Error during export to FTP.
2019-12-17 18:53:43 
2019-12-17 18:55:38 [Business/Export] WebException Error during export to FTP.
2019-12-17 18:55:38 
2019-12-17 18:55:43 [Business/Export] WebException Error during export to FTP.
2019-12-17 18:55:43 
2019-12-17 18:55:46 [Business/Export] WebException Error during export to FTP.
2019-12-17 18:55:46 
2019-12-17 19:12:18 [Business/Export] WebException Error during export to FTP.
2019-12-17 19:12:18 
2019-12-17 19:12:20 [Business/Export] WebException Error during export to FTP.
2019-12-17 19:12:20 
2019-12-17 19:12:22 [Business/Export] WebException Error during export to FTP.
2019-12-17 19:12:22 
2019-12-17 19:13:21 [Business/Export] WebException Error during export to FTP.
2019-12-17 19:13:21 
2019-12-17 19:13:21 [Business/Export] WebException Error during export to FTP.
2019-12-17 19:13:21 
2019-12-17 19:13:21 [Business/Export] WebException Error during export to FTP.
2019-12-17 19:13:21 
