2020-01-13 10:13:05 [Data/CheckConnection] Error opening DB connection [Initial Catalog=POS;Data Source=192.168.30.133;user ID=datascan;password=DTSbsd7188228].
2020-01-13 10:13:05 System.Data.SqlClient.SqlException: Login failed for user 'datascan'.
   at System.Data.SqlClient.SqlInternalConnection.OnError(SqlException exception, Boolean breakConnection)
   at System.Data.SqlClient.TdsParser.ThrowExceptionAndWarning(TdsParserStateObject stateObj)
   at System.Data.SqlClient.TdsParser.Run(RunBehavior runBehavior, SqlCommand cmdHandler, SqlDataReader dataStream, BulkCopySimpleResultSet bulkCopyHandler, TdsParserStateObject stateObj)
   at System.Data.SqlClient.SqlInternalConnectionTds.CompleteLogin(Boolean enlistOK)
   at System.Data.SqlClient.SqlInternalConnectionTds.AttemptOneLogin(ServerInfo serverInfo, String newPassword, Boolean ignoreSniOpenTimeout, Int64 timerExpire, SqlConnection owningObject)
   at System.Data.SqlClient.SqlInternalConnectionTds.LoginNoFailover(String host, String newPassword, Boolean redirectedUserInstance, SqlConnection owningObject, SqlConnectionString connectionOptions, Int64 timerStart)
   at System.Data.SqlClient.SqlInternalConnectionTds.OpenLoginEnlist(SqlConnection owningObject, SqlConnectionString connectionOptions, String newPassword, Boolean redirectedUserInstance)
   at System.Data.SqlClient.SqlInternalConnectionTds..ctor(DbConnectionPoolIdentity identity, SqlConnectionString connectionOptions, Object providerInfo, String newPassword, SqlConnection owningObject, Boolean redirectedUserInstance)
   at System.Data.SqlClient.SqlConnectionFactory.CreateConnection(DbConnectionOptions options, Object poolGroupProviderInfo, DbConnectionPool pool, DbConnection owningConnection)
   at System.Data.ProviderBase.DbConnectionFactory.CreatePooledConnection(DbConnection owningConnection, DbConnectionPool pool, DbConnectionOptions options)
   at System.Data.ProviderBase.DbConnectionPool.CreateObject(DbConnection owningObject)
   at System.Data.ProviderBase.DbConnectionPool.UserCreateRequest(DbConnection owningObject)
   at System.Data.ProviderBase.DbConnectionPool.GetConnection(DbConnection owningObject)
   at System.Data.ProviderBase.DbConnectionFactory.GetConnection(DbConnection owningConnection)
   at System.Data.ProviderBase.DbConnectionClosed.OpenConnection(DbConnection outerConnection, DbConnectionFactory connectionFactory)
   at System.Data.SqlClient.SqlConnection.Open()
   at TransightInterface.Data.CheckConnection() in C:\Nurul_CC_Mall Interface\SG\Source Code\MI Version 01\OT\MallInterface\Data.cs:line 58
2020-01-13 10:13:19 [Business/Export] Error during export.
2020-01-13 10:13:19 System.ArgumentException: Column 'ServiceCharge' does not belong to table .
   at System.Data.DataRow.GetDataColumn(String columnName)
   at System.Data.DataRow.get_Item(String columnName)
   at TransightInterface.Data.GetPosmasterSHNewList(DateTime GenerateDate) in C:\Nurul_CC_Mall Interface\SG\Source Code\MI Version 01\OT\MallInterface\Data.cs:line 673
   at TransightInterface.Business.ExportNew(DateTime StartDate, DateTime EndDate, FormMain FrmMain) in C:\Nurul_CC_Mall Interface\SG\Source Code\MI Version 01\OT\MallInterface\Business.cs:line 584
2020-01-13 10:15:11 [Business/Export] Error during export.
2020-01-13 10:15:11 System.ArgumentException: Column 'ServiceCharge' does not belong to table .
   at System.Data.DataRow.GetDataColumn(String columnName)
   at System.Data.DataRow.get_Item(String columnName)
   at TransightInterface.Data.GetPosmasterSHNewList(DateTime GenerateDate) in C:\Nurul_CC_Mall Interface\SG\Source Code\MI Version 01\OT\MallInterface\Data.cs:line 673
   at TransightInterface.Business.ExportNew(DateTime StartDate, DateTime EndDate, FormMain FrmMain) in C:\Nurul_CC_Mall Interface\SG\Source Code\MI Version 01\OT\MallInterface\Business.cs:line 584
2020-01-13 10:50:29 [Data/CheckConnection] Error opening DB connection [Initial Catalog=POS;Data Source=192.168.30.133;user ID=datascan;password=DTSbsd7188228].
2020-01-13 10:50:29 System.Data.SqlClient.SqlException: Login failed for user 'datascan'.
   at System.Data.SqlClient.SqlInternalConnection.OnError(SqlException exception, Boolean breakConnection)
   at System.Data.SqlClient.TdsParser.ThrowExceptionAndWarning(TdsParserStateObject stateObj)
   at System.Data.SqlClient.TdsParser.Run(RunBehavior runBehavior, SqlCommand cmdHandler, SqlDataReader dataStream, BulkCopySimpleResultSet bulkCopyHandler, TdsParserStateObject stateObj)
   at System.Data.SqlClient.SqlInternalConnectionTds.CompleteLogin(Boolean enlistOK)
   at System.Data.SqlClient.SqlInternalConnectionTds.AttemptOneLogin(ServerInfo serverInfo, String newPassword, Boolean ignoreSniOpenTimeout, Int64 timerExpire, SqlConnection owningObject)
   at System.Data.SqlClient.SqlInternalConnectionTds.LoginNoFailover(String host, String newPassword, Boolean redirectedUserInstance, SqlConnection owningObject, SqlConnectionString connectionOptions, Int64 timerStart)
   at System.Data.SqlClient.SqlInternalConnectionTds.OpenLoginEnlist(SqlConnection owningObject, SqlConnectionString connectionOptions, String newPassword, Boolean redirectedUserInstance)
   at System.Data.SqlClient.SqlInternalConnectionTds..ctor(DbConnectionPoolIdentity identity, SqlConnectionString connectionOptions, Object providerInfo, String newPassword, SqlConnection owningObject, Boolean redirectedUserInstance)
   at System.Data.SqlClient.SqlConnectionFactory.CreateConnection(DbConnectionOptions options, Object poolGroupProviderInfo, DbConnectionPool pool, DbConnection owningConnection)
   at System.Data.ProviderBase.DbConnectionFactory.CreatePooledConnection(DbConnection owningConnection, DbConnectionPool pool, DbConnectionOptions options)
   at System.Data.ProviderBase.DbConnectionPool.CreateObject(DbConnection owningObject)
   at System.Data.ProviderBase.DbConnectionPool.UserCreateRequest(DbConnection owningObject)
   at System.Data.ProviderBase.DbConnectionPool.GetConnection(DbConnection owningObject)
   at System.Data.ProviderBase.DbConnectionFactory.GetConnection(DbConnection owningConnection)
   at System.Data.ProviderBase.DbConnectionClosed.OpenConnection(DbConnection outerConnection, DbConnectionFactory connectionFactory)
   at System.Data.SqlClient.SqlConnection.Open()
   at TransightInterface.Data.CheckConnection() in C:\Nurul_CC_Mall Interface\SG\Source Code\MI Version 01\OT\MallInterface\Data.cs:line 58
2020-01-13 10:57:42 [Data/CheckConnection] Error opening DB connection [Initial Catalog=POS;Data Source=192.168.30.133;user ID=datascan;password=DTSbsd7188228].
2020-01-13 10:57:42 System.Data.SqlClient.SqlException: Login failed for user 'datascan'.
   at System.Data.SqlClient.SqlInternalConnection.OnError(SqlException exception, Boolean breakConnection)
   at System.Data.SqlClient.TdsParser.ThrowExceptionAndWarning(TdsParserStateObject stateObj)
   at System.Data.SqlClient.TdsParser.Run(RunBehavior runBehavior, SqlCommand cmdHandler, SqlDataReader dataStream, BulkCopySimpleResultSet bulkCopyHandler, TdsParserStateObject stateObj)
   at System.Data.SqlClient.SqlInternalConnectionTds.CompleteLogin(Boolean enlistOK)
   at System.Data.SqlClient.SqlInternalConnectionTds.AttemptOneLogin(ServerInfo serverInfo, String newPassword, Boolean ignoreSniOpenTimeout, Int64 timerExpire, SqlConnection owningObject)
   at System.Data.SqlClient.SqlInternalConnectionTds.LoginNoFailover(String host, String newPassword, Boolean redirectedUserInstance, SqlConnection owningObject, SqlConnectionString connectionOptions, Int64 timerStart)
   at System.Data.SqlClient.SqlInternalConnectionTds.OpenLoginEnlist(SqlConnection owningObject, SqlConnectionString connectionOptions, String newPassword, Boolean redirectedUserInstance)
   at System.Data.SqlClient.SqlInternalConnectionTds..ctor(DbConnectionPoolIdentity identity, SqlConnectionString connectionOptions, Object providerInfo, String newPassword, SqlConnection owningObject, Boolean redirectedUserInstance)
   at System.Data.SqlClient.SqlConnectionFactory.CreateConnection(DbConnectionOptions options, Object poolGroupProviderInfo, DbConnectionPool pool, DbConnection owningConnection)
   at System.Data.ProviderBase.DbConnectionFactory.CreatePooledConnection(DbConnection owningConnection, DbConnectionPool pool, DbConnectionOptions options)
   at System.Data.ProviderBase.DbConnectionPool.CreateObject(DbConnection owningObject)
   at System.Data.ProviderBase.DbConnectionPool.UserCreateRequest(DbConnection owningObject)
   at System.Data.ProviderBase.DbConnectionPool.GetConnection(DbConnection owningObject)
   at System.Data.ProviderBase.DbConnectionFactory.GetConnection(DbConnection owningConnection)
   at System.Data.ProviderBase.DbConnectionClosed.OpenConnection(DbConnection outerConnection, DbConnectionFactory connectionFactory)
   at System.Data.SqlClient.SqlConnection.Open()
   at TransightInterface.Data.CheckConnection() in C:\Nurul_CC_Mall Interface\SG\Source Code\MI Version 01\OT\MallInterface\Data.cs:line 58
2020-01-13 13:26:48 [Data/CheckConnection] Error opening DB connection [Initial Catalog=POS;Data Source=192.168.30.133;user ID=datascan;password=DTSbsd7188228].
2020-01-13 13:26:48 System.Data.SqlClient.SqlException: Login failed for user 'datascan'.
   at System.Data.SqlClient.SqlInternalConnection.OnError(SqlException exception, Boolean breakConnection)
   at System.Data.SqlClient.TdsParser.ThrowExceptionAndWarning(TdsParserStateObject stateObj)
   at System.Data.SqlClient.TdsParser.Run(RunBehavior runBehavior, SqlCommand cmdHandler, SqlDataReader dataStream, BulkCopySimpleResultSet bulkCopyHandler, TdsParserStateObject stateObj)
   at System.Data.SqlClient.SqlInternalConnectionTds.CompleteLogin(Boolean enlistOK)
   at System.Data.SqlClient.SqlInternalConnectionTds.AttemptOneLogin(ServerInfo serverInfo, String newPassword, Boolean ignoreSniOpenTimeout, Int64 timerExpire, SqlConnection owningObject)
   at System.Data.SqlClient.SqlInternalConnectionTds.LoginNoFailover(String host, String newPassword, Boolean redirectedUserInstance, SqlConnection owningObject, SqlConnectionString connectionOptions, Int64 timerStart)
   at System.Data.SqlClient.SqlInternalConnectionTds.OpenLoginEnlist(SqlConnection owningObject, SqlConnectionString connectionOptions, String newPassword, Boolean redirectedUserInstance)
   at System.Data.SqlClient.SqlInternalConnectionTds..ctor(DbConnectionPoolIdentity identity, SqlConnectionString connectionOptions, Object providerInfo, String newPassword, SqlConnection owningObject, Boolean redirectedUserInstance)
   at System.Data.SqlClient.SqlConnectionFactory.CreateConnection(DbConnectionOptions options, Object poolGroupProviderInfo, DbConnectionPool pool, DbConnection owningConnection)
   at System.Data.ProviderBase.DbConnectionFactory.CreatePooledConnection(DbConnection owningConnection, DbConnectionPool pool, DbConnectionOptions options)
   at System.Data.ProviderBase.DbConnectionPool.CreateObject(DbConnection owningObject)
   at System.Data.ProviderBase.DbConnectionPool.UserCreateRequest(DbConnection owningObject)
   at System.Data.ProviderBase.DbConnectionPool.GetConnection(DbConnection owningObject)
   at System.Data.ProviderBase.DbConnectionFactory.GetConnection(DbConnection owningConnection)
   at System.Data.ProviderBase.DbConnectionClosed.OpenConnection(DbConnection outerConnection, DbConnectionFactory connectionFactory)
   at System.Data.SqlClient.SqlConnection.Open()
   at TransightInterface.Data.CheckConnection() in C:\Nurul_CC_Mall Interface\SG\Source Code\MI Version 01\OT\MallInterface\Data.cs:line 58
2020-01-13 14:27:12 [Data/CheckConnection] Error opening DB connection [Initial Catalog=POS;Data Source=192.168.30.133;user ID=datascan;password=DTSbsd7188228].
2020-01-13 14:27:12 System.Data.SqlClient.SqlException: Login failed for user 'datascan'.
   at System.Data.SqlClient.SqlInternalConnection.OnError(SqlException exception, Boolean breakConnection)
   at System.Data.SqlClient.TdsParser.ThrowExceptionAndWarning(TdsParserStateObject stateObj)
   at System.Data.SqlClient.TdsParser.Run(RunBehavior runBehavior, SqlCommand cmdHandler, SqlDataReader dataStream, BulkCopySimpleResultSet bulkCopyHandler, TdsParserStateObject stateObj)
   at System.Data.SqlClient.SqlInternalConnectionTds.CompleteLogin(Boolean enlistOK)
   at System.Data.SqlClient.SqlInternalConnectionTds.AttemptOneLogin(ServerInfo serverInfo, String newPassword, Boolean ignoreSniOpenTimeout, Int64 timerExpire, SqlConnection owningObject)
   at System.Data.SqlClient.SqlInternalConnectionTds.LoginNoFailover(String host, String newPassword, Boolean redirectedUserInstance, SqlConnection owningObject, SqlConnectionString connectionOptions, Int64 timerStart)
   at System.Data.SqlClient.SqlInternalConnectionTds.OpenLoginEnlist(SqlConnection owningObject, SqlConnectionString connectionOptions, String newPassword, Boolean redirectedUserInstance)
   at System.Data.SqlClient.SqlInternalConnectionTds..ctor(DbConnectionPoolIdentity identity, SqlConnectionString connectionOptions, Object providerInfo, String newPassword, SqlConnection owningObject, Boolean redirectedUserInstance)
   at System.Data.SqlClient.SqlConnectionFactory.CreateConnection(DbConnectionOptions options, Object poolGroupProviderInfo, DbConnectionPool pool, DbConnection owningConnection)
   at System.Data.ProviderBase.DbConnectionFactory.CreatePooledConnection(DbConnection owningConnection, DbConnectionPool pool, DbConnectionOptions options)
   at System.Data.ProviderBase.DbConnectionPool.CreateObject(DbConnection owningObject)
   at System.Data.ProviderBase.DbConnectionPool.UserCreateRequest(DbConnection owningObject)
   at System.Data.ProviderBase.DbConnectionPool.GetConnection(DbConnection owningObject)
   at System.Data.ProviderBase.DbConnectionFactory.GetConnection(DbConnection owningConnection)
   at System.Data.ProviderBase.DbConnectionClosed.OpenConnection(DbConnection outerConnection, DbConnectionFactory connectionFactory)
   at System.Data.SqlClient.SqlConnection.Open()
   at TransightInterface.Data.CheckConnection() in C:\Nurul_CC_Mall Interface\SG\Source Code\MI Version 01\OT\MallInterface\Data.cs:line 58
2020-01-13 18:08:08 [Business/Export] Error during export.
2020-01-13 18:08:08 System.ArgumentException: Column 'FileNo' does not belong to table .
   at System.Data.DataRow.GetDataColumn(String columnName)
   at System.Data.DataRow.get_Item(String columnName)
   at TransightInterface.Data.GetPosmasterSHList(DateTime GenerateDate) in C:\Nurul_CC_Mall Interface\SG\Source Code\MI Version 03 (Bugis)\OT\MallInterface\Data.cs:line 508
   at TransightInterface.Business.Export(DateTime StartDate, DateTime EndDate, FormMain FrmMain) in C:\Nurul_CC_Mall Interface\SG\Source Code\MI Version 03 (Bugis)\OT\MallInterface\Business.cs:line 340
2020-01-13 18:35:43 [Business/Export] Error during export.
2020-01-13 18:35:43 System.ArgumentException: Column 'DATE' does not belong to table .
   at System.Data.DataRow.GetDataColumn(String columnName)
   at System.Data.DataRow.get_Item(String columnName)
   at TransightInterface.Data.GetPosmasterSHList(DateTime GenerateDate) in C:\Nurul_CC_Mall Interface\SG\Source Code\MI Version 03 (Bugis)\OT\MallInterface\Data.cs:line 507
   at TransightInterface.Business.Export(DateTime StartDate, DateTime EndDate, FormMain FrmMain) in C:\Nurul_CC_Mall Interface\SG\Source Code\MI Version 03 (Bugis)\OT\MallInterface\Business.cs:line 340
2020-01-13 18:42:15 [Business/Export] Error during export.
2020-01-13 18:42:15 System.ArgumentException: Column 'DATE' does not belong to table .
   at System.Data.DataRow.GetDataColumn(String columnName)
   at System.Data.DataRow.get_Item(String columnName)
   at TransightInterface.Data.GetPosmasterSHList(DateTime GenerateDate) in C:\Nurul_CC_Mall Interface\SG\Source Code\MI Version 03 (Bugis)\OT\MallInterface\Data.cs:line 540
   at TransightInterface.Business.Export(DateTime StartDate, DateTime EndDate, FormMain FrmMain) in C:\Nurul_CC_Mall Interface\SG\Source Code\MI Version 03 (Bugis)\OT\MallInterface\Business.cs:line 340
2020-01-13 18:51:09 [Business/Export] Error during export.
2020-01-13 18:51:09 System.ArgumentException: Column 'DATE' does not belong to table .
   at System.Data.DataRow.GetDataColumn(String columnName)
   at System.Data.DataRow.get_Item(String columnName)
   at TransightInterface.Data.GetPosmasterSHList(DateTime GenerateDate) in C:\Nurul_CC_Mall Interface\SG\Source Code\MI Version 03 (Bugis)\OT\MallInterface\Data.cs:line 507
   at TransightInterface.Business.Export(DateTime StartDate, DateTime EndDate, FormMain FrmMain) in C:\Nurul_CC_Mall Interface\SG\Source Code\MI Version 03 (Bugis)\OT\MallInterface\Business.cs:line 340
2020-01-13 19:02:32 [Business/Export] Error during export.
2020-01-13 19:02:32 System.ArgumentException: Column 'DATE' does not belong to table .
   at System.Data.DataRow.GetDataColumn(String columnName)
   at System.Data.DataRow.get_Item(String columnName)
   at TransightInterface.Data.GetPosmasterSHList(DateTime GenerateDate) in C:\Nurul_CC_Mall Interface\SG\Source Code\MI Version 03 (Bugis)\OT\MallInterface\Data.cs:line 507
   at TransightInterface.Business.Export(DateTime StartDate, DateTime EndDate, FormMain FrmMain) in C:\Nurul_CC_Mall Interface\SG\Source Code\MI Version 03 (Bugis)\OT\MallInterface\Business.cs:line 340
