2020-06-25 17:28:51 [Business/Export] Error during export.
2020-06-25 17:28:51 System.ArgumentException: Column 'GTOSales' does not belong to table .
   at System.Data.DataRow.GetDataColumn(String columnName)
   at System.Data.DataRow.get_Item(String columnName)
   at TransightInterface.Data.GetPosmasterSHNewList(DateTime GenerateDate) in C:\_2020\MI\Chilis\MI Chilis-Sunway-Putra - H(D) -v1.2\Mall Interface 01\MallInterface\Data.cs:line 638
   at TransightInterface.Business.ExportNew(DateTime StartDate, DateTime EndDate, FormMain FrmMain) in C:\_2020\MI\Chilis\MI Chilis-Sunway-Putra - H(D) -v1.2\Mall Interface 01\MallInterface\Business.cs:line 592
2020-06-25 17:29:01 [Business/Export] Error during export.
2020-06-25 17:29:01 System.ArgumentException: Column 'GTOSales' does not belong to table .
   at System.Data.DataRow.GetDataColumn(String columnName)
   at System.Data.DataRow.get_Item(String columnName)
   at TransightInterface.Data.GetPosmasterSHNewList(DateTime GenerateDate) in C:\_2020\MI\Chilis\MI Chilis-Sunway-Putra - H(D) -v1.2\Mall Interface 01\MallInterface\Data.cs:line 638
   at TransightInterface.Business.ExportNew(DateTime StartDate, DateTime EndDate, FormMain FrmMain) in C:\_2020\MI\Chilis\MI Chilis-Sunway-Putra - H(D) -v1.2\Mall Interface 01\MallInterface\Business.cs:line 592
2020-06-25 17:31:31 [Business/Export] Error during export.
2020-06-25 17:31:31 System.ArgumentException: Column 'GTOSales' does not belong to table .
   at System.Data.DataRow.GetDataColumn(String columnName)
   at System.Data.DataRow.get_Item(String columnName)
   at TransightInterface.Data.GetPosmasterSHNewList(DateTime GenerateDate) in C:\_2020\MI\Chilis\MI Chilis-Sunway-Putra - H(D) -v1.2\Mall Interface 01\MallInterface\Data.cs:line 638
   at TransightInterface.Business.ExportNew(DateTime StartDate, DateTime EndDate, FormMain FrmMain) in C:\_2020\MI\Chilis\MI Chilis-Sunway-Putra - H(D) -v1.2\Mall Interface 01\MallInterface\Business.cs:line 592
2020-06-25 17:31:48 [Business/Export] Error during export.
2020-06-25 17:31:48 System.ArgumentException: Column 'GTOSales' does not belong to table .
   at System.Data.DataRow.GetDataColumn(String columnName)
   at System.Data.DataRow.get_Item(String columnName)
   at TransightInterface.Data.GetPosmasterSHNewList(DateTime GenerateDate) in C:\_2020\MI\Chilis\MI Chilis-Sunway-Putra - H(D) -v1.2\Mall Interface 01\MallInterface\Data.cs:line 638
   at TransightInterface.Business.ExportNew(DateTime StartDate, DateTime EndDate, FormMain FrmMain) in C:\_2020\MI\Chilis\MI Chilis-Sunway-Putra - H(D) -v1.2\Mall Interface 01\MallInterface\Business.cs:line 592
2020-06-25 17:34:24 [Business/Export] Error during export.
2020-06-25 17:34:24 System.ArgumentException: Column 'GTOSales' does not belong to table .
   at System.Data.DataRow.GetDataColumn(String columnName)
   at System.Data.DataRow.get_Item(String columnName)
   at TransightInterface.Data.GetPosmasterSHNewList(DateTime GenerateDate) in C:\_2020\MI\Chilis\MI Chilis-Sunway-Putra - H(D) -v1.2\Mall Interface 01\MallInterface\Data.cs:line 638
   at TransightInterface.Business.ExportNew(DateTime StartDate, DateTime EndDate, FormMain FrmMain) in C:\_2020\MI\Chilis\MI Chilis-Sunway-Putra - H(D) -v1.2\Mall Interface 01\MallInterface\Business.cs:line 592
2020-06-25 17:34:51 [Business/Export] Error during export.
2020-06-25 17:34:51 System.ArgumentException: Column 'GTOSales' does not belong to table .
   at System.Data.DataRow.GetDataColumn(String columnName)
   at System.Data.DataRow.get_Item(String columnName)
   at TransightInterface.Data.GetPosmasterSHNewList(DateTime GenerateDate) in C:\_2020\MI\Chilis\MI Chilis-Sunway-Putra - H(D) -v1.2\Mall Interface 01\MallInterface\Data.cs:line 638
   at TransightInterface.Business.ExportNew(DateTime StartDate, DateTime EndDate, FormMain FrmMain) in C:\_2020\MI\Chilis\MI Chilis-Sunway-Putra - H(D) -v1.2\Mall Interface 01\MallInterface\Business.cs:line 592
2020-06-25 17:34:55 [Business/Export] Error during export.
2020-06-25 17:34:55 System.ArgumentException: Column 'GTOSales' does not belong to table .
   at System.Data.DataRow.GetDataColumn(String columnName)
   at System.Data.DataRow.get_Item(String columnName)
   at TransightInterface.Data.GetPosmasterSHNewList(DateTime GenerateDate) in C:\_2020\MI\Chilis\MI Chilis-Sunway-Putra - H(D) -v1.2\Mall Interface 01\MallInterface\Data.cs:line 638
   at TransightInterface.Business.ExportNew(DateTime StartDate, DateTime EndDate, FormMain FrmMain) in C:\_2020\MI\Chilis\MI Chilis-Sunway-Putra - H(D) -v1.2\Mall Interface 01\MallInterface\Business.cs:line 592
2020-06-25 17:34:58 [Business/Export] Error during export.
2020-06-25 17:34:58 System.ArgumentException: Column 'GTOSales' does not belong to table .
   at System.Data.DataRow.GetDataColumn(String columnName)
   at System.Data.DataRow.get_Item(String columnName)
   at TransightInterface.Data.GetPosmasterSHNewList(DateTime GenerateDate) in C:\_2020\MI\Chilis\MI Chilis-Sunway-Putra - H(D) -v1.2\Mall Interface 01\MallInterface\Data.cs:line 638
   at TransightInterface.Business.ExportNew(DateTime StartDate, DateTime EndDate, FormMain FrmMain) in C:\_2020\MI\Chilis\MI Chilis-Sunway-Putra - H(D) -v1.2\Mall Interface 01\MallInterface\Business.cs:line 592
