2020-02-28 12:56:42 [Data/GetPostmasterSHList] Error getting data data [INSERT INTO ParadigmMall_seq(SerialTable_Count,SerialTable_Date) VALUES(0,@BusinessDate)] [2020-01-01]
2020-02-28 12:56:42 System.Data.SqlClient.SqlException: Could not find stored procedure 'sp_SalesHourlyGTO1'.
   at System.Data.SqlClient.SqlConnection.OnError(SqlException exception, Boolean breakConnection)
   at System.Data.SqlClient.TdsParser.ThrowExceptionAndWarning(TdsParserStateObject stateObj)
   at System.Data.SqlClient.TdsParser.Run(RunBehavior runBehavior, SqlCommand cmdHandler, SqlDataReader dataStream, BulkCopySimpleResultSet bulkCopyHandler, TdsParserStateObject stateObj)
   at System.Data.SqlClient.SqlDataReader.ConsumeMetaData()
   at System.Data.SqlClient.SqlDataReader.get_MetaData()
   at System.Data.SqlClient.SqlCommand.FinishExecuteReader(SqlDataReader ds, RunBehavior runBehavior, String resetOptionsString)
   at System.Data.SqlClient.SqlCommand.RunExecuteReaderTds(CommandBehavior cmdBehavior, RunBehavior runBehavior, Boolean returnStream, Boolean async)
   at System.Data.SqlClient.SqlCommand.RunExecuteReader(CommandBehavior cmdBehavior, RunBehavior runBehavior, Boolean returnStream, String method, DbAsyncResult result)
   at System.Data.SqlClient.SqlCommand.RunExecuteReader(CommandBehavior cmdBehavior, RunBehavior runBehavior, Boolean returnStream, String method)
   at System.Data.SqlClient.SqlCommand.ExecuteReader(CommandBehavior behavior, String method)
   at System.Data.SqlClient.SqlCommand.ExecuteDbDataReader(CommandBehavior behavior)
   at System.Data.Common.DbCommand.System.Data.IDbCommand.ExecuteReader(CommandBehavior behavior)
   at System.Data.Common.DbDataAdapter.FillInternal(DataSet dataset, DataTable[] datatables, Int32 startRecord, Int32 maxRecords, String srcTable, IDbCommand command, CommandBehavior behavior)
   at System.Data.Common.DbDataAdapter.Fill(DataTable[] dataTables, Int32 startRecord, Int32 maxRecords, IDbCommand command, CommandBehavior behavior)
   at System.Data.Common.DbDataAdapter.Fill(DataTable dataTable)
   at TransightInterface.Data.GetPosmasterSHNewList(DateTime GenerateDate) in C:\Nurul_CC_Mall Interface\Mall Interface Code\OT-Resort hotel\MI Version 01\MI Version 01 (Serangoon) - H(D)\OT\MallInterface\Data.cs:line 576
2020-02-28 12:56:42 [Business/Export] Error during export.
2020-02-28 12:56:42 System.ApplicationException: Error getting data.
   at TransightInterface.Data.GetPosmasterSHNewList(DateTime GenerateDate) in C:\Nurul_CC_Mall Interface\Mall Interface Code\OT-Resort hotel\MI Version 01\MI Version 01 (Serangoon) - H(D)\OT\MallInterface\Data.cs:line 664
   at TransightInterface.Business.ExportNew(DateTime StartDate, DateTime EndDate, FormMain FrmMain) in C:\Nurul_CC_Mall Interface\Mall Interface Code\OT-Resort hotel\MI Version 01\MI Version 01 (Serangoon) - H(D)\OT\MallInterface\Business.cs:line 592
2020-02-28 12:57:31 [Data/GetPostmasterSHList] Error getting data data [SELECT SerialTable_Count FROM ParadigmMall_seq WHERE SerialTable_Date= @BusinessDate] [2020-01-01]
2020-02-28 12:57:31 System.Data.SqlClient.SqlException: Could not find stored procedure 'sp_SalesHourlyGTO1'.
   at System.Data.SqlClient.SqlConnection.OnError(SqlException exception, Boolean breakConnection)
   at System.Data.SqlClient.TdsParser.ThrowExceptionAndWarning(TdsParserStateObject stateObj)
   at System.Data.SqlClient.TdsParser.Run(RunBehavior runBehavior, SqlCommand cmdHandler, SqlDataReader dataStream, BulkCopySimpleResultSet bulkCopyHandler, TdsParserStateObject stateObj)
   at System.Data.SqlClient.SqlDataReader.ConsumeMetaData()
   at System.Data.SqlClient.SqlDataReader.get_MetaData()
   at System.Data.SqlClient.SqlCommand.FinishExecuteReader(SqlDataReader ds, RunBehavior runBehavior, String resetOptionsString)
   at System.Data.SqlClient.SqlCommand.RunExecuteReaderTds(CommandBehavior cmdBehavior, RunBehavior runBehavior, Boolean returnStream, Boolean async)
   at System.Data.SqlClient.SqlCommand.RunExecuteReader(CommandBehavior cmdBehavior, RunBehavior runBehavior, Boolean returnStream, String method, DbAsyncResult result)
   at System.Data.SqlClient.SqlCommand.RunExecuteReader(CommandBehavior cmdBehavior, RunBehavior runBehavior, Boolean returnStream, String method)
   at System.Data.SqlClient.SqlCommand.ExecuteReader(CommandBehavior behavior, String method)
   at System.Data.SqlClient.SqlCommand.ExecuteDbDataReader(CommandBehavior behavior)
   at System.Data.Common.DbCommand.System.Data.IDbCommand.ExecuteReader(CommandBehavior behavior)
   at System.Data.Common.DbDataAdapter.FillInternal(DataSet dataset, DataTable[] datatables, Int32 startRecord, Int32 maxRecords, String srcTable, IDbCommand command, CommandBehavior behavior)
   at System.Data.Common.DbDataAdapter.Fill(DataTable[] dataTables, Int32 startRecord, Int32 maxRecords, IDbCommand command, CommandBehavior behavior)
   at System.Data.Common.DbDataAdapter.Fill(DataTable dataTable)
   at TransightInterface.Data.GetPosmasterSHNewList(DateTime GenerateDate) in C:\Nurul_CC_Mall Interface\Mall Interface Code\OT-Resort hotel\MI Version 01\MI Version 01 (Serangoon) - H(D)\OT\MallInterface\Data.cs:line 576
2020-02-28 12:57:31 [Business/Export] Error during export.
2020-02-28 12:57:31 System.ApplicationException: Error getting data.
   at TransightInterface.Data.GetPosmasterSHNewList(DateTime GenerateDate) in C:\Nurul_CC_Mall Interface\Mall Interface Code\OT-Resort hotel\MI Version 01\MI Version 01 (Serangoon) - H(D)\OT\MallInterface\Data.cs:line 664
   at TransightInterface.Business.ExportNew(DateTime StartDate, DateTime EndDate, FormMain FrmMain) in C:\Nurul_CC_Mall Interface\Mall Interface Code\OT-Resort hotel\MI Version 01\MI Version 01 (Serangoon) - H(D)\OT\MallInterface\Business.cs:line 592
2020-02-28 12:57:34 [Data/GetPostmasterSHList] Error getting data data [SELECT SerialTable_Count FROM ParadigmMall_seq WHERE SerialTable_Date= @BusinessDate] [2020-01-01]
2020-02-28 12:57:34 System.Data.SqlClient.SqlException: Could not find stored procedure 'sp_SalesHourlyGTO1'.
   at System.Data.SqlClient.SqlConnection.OnError(SqlException exception, Boolean breakConnection)
   at System.Data.SqlClient.TdsParser.ThrowExceptionAndWarning(TdsParserStateObject stateObj)
   at System.Data.SqlClient.TdsParser.Run(RunBehavior runBehavior, SqlCommand cmdHandler, SqlDataReader dataStream, BulkCopySimpleResultSet bulkCopyHandler, TdsParserStateObject stateObj)
   at System.Data.SqlClient.SqlDataReader.ConsumeMetaData()
   at System.Data.SqlClient.SqlDataReader.get_MetaData()
   at System.Data.SqlClient.SqlCommand.FinishExecuteReader(SqlDataReader ds, RunBehavior runBehavior, String resetOptionsString)
   at System.Data.SqlClient.SqlCommand.RunExecuteReaderTds(CommandBehavior cmdBehavior, RunBehavior runBehavior, Boolean returnStream, Boolean async)
   at System.Data.SqlClient.SqlCommand.RunExecuteReader(CommandBehavior cmdBehavior, RunBehavior runBehavior, Boolean returnStream, String method, DbAsyncResult result)
   at System.Data.SqlClient.SqlCommand.RunExecuteReader(CommandBehavior cmdBehavior, RunBehavior runBehavior, Boolean returnStream, String method)
   at System.Data.SqlClient.SqlCommand.ExecuteReader(CommandBehavior behavior, String method)
   at System.Data.SqlClient.SqlCommand.ExecuteDbDataReader(CommandBehavior behavior)
   at System.Data.Common.DbCommand.System.Data.IDbCommand.ExecuteReader(CommandBehavior behavior)
   at System.Data.Common.DbDataAdapter.FillInternal(DataSet dataset, DataTable[] datatables, Int32 startRecord, Int32 maxRecords, String srcTable, IDbCommand command, CommandBehavior behavior)
   at System.Data.Common.DbDataAdapter.Fill(DataTable[] dataTables, Int32 startRecord, Int32 maxRecords, IDbCommand command, CommandBehavior behavior)
   at System.Data.Common.DbDataAdapter.Fill(DataTable dataTable)
   at TransightInterface.Data.GetPosmasterSHNewList(DateTime GenerateDate) in C:\Nurul_CC_Mall Interface\Mall Interface Code\OT-Resort hotel\MI Version 01\MI Version 01 (Serangoon) - H(D)\OT\MallInterface\Data.cs:line 576
2020-02-28 12:57:34 [Business/Export] Error during export.
2020-02-28 12:57:34 System.ApplicationException: Error getting data.
   at TransightInterface.Data.GetPosmasterSHNewList(DateTime GenerateDate) in C:\Nurul_CC_Mall Interface\Mall Interface Code\OT-Resort hotel\MI Version 01\MI Version 01 (Serangoon) - H(D)\OT\MallInterface\Data.cs:line 664
   at TransightInterface.Business.ExportNew(DateTime StartDate, DateTime EndDate, FormMain FrmMain) in C:\Nurul_CC_Mall Interface\Mall Interface Code\OT-Resort hotel\MI Version 01\MI Version 01 (Serangoon) - H(D)\OT\MallInterface\Business.cs:line 592
