2021-08-25 10:25:29 [AppConfig/Load] Error loading configs.
2021-08-25 10:25:29 System.Data.SqlClient.SqlException: Invalid object name 'mallinterface_Batchlogs'.
   at System.Data.SqlClient.SqlConnection.OnError(SqlException exception, Boolean breakConnection)
   at System.Data.SqlClient.TdsParser.ThrowExceptionAndWarning(TdsParserStateObject stateObj)
   at System.Data.SqlClient.TdsParser.Run(RunBehavior runBehavior, SqlCommand cmdHandler, SqlDataReader dataStream, BulkCopySimpleResultSet bulkCopyHandler, TdsParserStateObject stateObj)
   at System.Data.SqlClient.SqlDataReader.ConsumeMetaData()
   at System.Data.SqlClient.SqlDataReader.get_MetaData()
   at System.Data.SqlClient.SqlCommand.FinishExecuteReader(SqlDataReader ds, RunBehavior runBehavior, String resetOptionsString)
   at System.Data.SqlClient.SqlCommand.RunExecuteReaderTds(CommandBehavior cmdBehavior, RunBehavior runBehavior, Boolean returnStream, Boolean async)
   at System.Data.SqlClient.SqlCommand.RunExecuteReader(CommandBehavior cmdBehavior, RunBehavior runBehavior, Boolean returnStream, String method, DbAsyncResult result)
   at System.Data.SqlClient.SqlCommand.RunExecuteReader(CommandBehavior cmdBehavior, RunBehavior runBehavior, Boolean returnStream, String method)
   at System.Data.SqlClient.SqlCommand.ExecuteReader(CommandBehavior behavior, String method)
   at System.Data.SqlClient.SqlCommand.ExecuteDbDataReader(CommandBehavior behavior)
   at System.Data.Common.DbCommand.System.Data.IDbCommand.ExecuteReader(CommandBehavior behavior)
   at System.Data.Common.DbDataAdapter.FillInternal(DataSet dataset, DataTable[] datatables, Int32 startRecord, Int32 maxRecords, String srcTable, IDbCommand command, CommandBehavior behavior)
   at System.Data.Common.DbDataAdapter.Fill(DataSet dataSet, Int32 startRecord, Int32 maxRecords, String srcTable, IDbCommand command, CommandBehavior behavior)
   at System.Data.Common.DbDataAdapter.Fill(DataSet dataSet, String srcTable)
   at Transight.Interface.Config.DataFunctions.FillDataTable(String SQLCommandTxt, String DataTableName) in C:\Git\GitLab\MallInterface\MI-RobinsonMall\Mall Interface\Transight.Interface.Config\DataFunctions.cs:line 179
2021-08-25 10:25:29 [AppConfig/Load] Error loading configs.
2021-08-25 10:25:29 System.Data.SqlClient.SqlException: Invalid object name 'mallinterface_Batchlogs'.
   at Transight.Interface.Config.DataFunctions.FillDataTable(String SQLCommandTxt, String DataTableName) in C:\Git\GitLab\MallInterface\MI-RobinsonMall\Mall Interface\Transight.Interface.Config\DataFunctions.cs:line 195
   at Transight.Interface.Config.DataFunctions.LoadDataToGrid(String xDataTableName, DataGridView xDataGridView, DataView xDataView, String xQry) in C:\Git\GitLab\MallInterface\MI-RobinsonMall\Mall Interface\Transight.Interface.Config\DataFunctions.cs:line 201
2021-08-25 11:39:47 [Business/Export] Error during export to FTP.
2021-08-25 11:39:47 String was not recognized as a valid DateTime.
