2021-03-26 10:50:58 [Data/GetPostmasterSHList] Error getting data data [select number from tender where name1 like 'BOG'] [2021-03-14]
2021-03-26 10:50:58 System.Data.SqlClient.SqlException: Could not find stored procedure 'sp_SalesDailyGTO1_tender1'.
   at System.Data.SqlClient.SqlConnection.OnError(SqlException exception, Boolean breakConnection)
   at System.Data.SqlClient.TdsParser.ThrowExceptionAndWarning(TdsParserStateObject stateObj)
   at System.Data.SqlClient.TdsParser.Run(RunBehavior runBehavior, SqlCommand cmdHandler, SqlDataReader dataStream, BulkCopySimpleResultSet bulkCopyHandler, TdsParserStateObject stateObj)
   at System.Data.SqlClient.SqlDataReader.ConsumeMetaData()
   at System.Data.SqlClient.SqlDataReader.get_MetaData()
   at System.Data.SqlClient.SqlCommand.FinishExecuteReader(SqlDataReader ds, RunBehavior runBehavior, String resetOptionsString)
   at System.Data.SqlClient.SqlCommand.RunExecuteReaderTds(CommandBehavior cmdBehavior, RunBehavior runBehavior, Boolean returnStream, Boolean async)
   at System.Data.SqlClient.SqlCommand.RunExecuteReader(CommandBehavior cmdBehavior, RunBehavior runBehavior, Boolean returnStream, String method, DbAsyncResult result)
   at System.Data.SqlClient.SqlCommand.RunExecuteReader(CommandBehavior cmdBehavior, RunBehavior runBehavior, Boolean returnStream, String method)
   at System.Data.SqlClient.SqlCommand.ExecuteReader(CommandBehavior behavior, String method)
   at System.Data.SqlClient.SqlCommand.ExecuteDbDataReader(CommandBehavior behavior)
   at System.Data.Common.DbCommand.System.Data.IDbCommand.ExecuteReader(CommandBehavior behavior)
   at System.Data.Common.DbDataAdapter.FillInternal(DataSet dataset, DataTable[] datatables, Int32 startRecord, Int32 maxRecords, String srcTable, IDbCommand command, CommandBehavior behavior)
   at System.Data.Common.DbDataAdapter.Fill(DataTable[] dataTables, Int32 startRecord, Int32 maxRecords, IDbCommand command, CommandBehavior behavior)
   at System.Data.Common.DbDataAdapter.Fill(DataTable dataTable)
   at TransightInterface.Data.GetPosmasterSHNewList(DateTime GenerateDate) in C:\Users\Administrator\Documents\ANW FILES\MI Chilis-Sunway-Putra - H(D) -v1.2\Mall Interface 01\MallInterface\Data.cs:line 643
2021-03-26 10:51:00 [Business/Export] Error during export.
2021-03-26 10:51:01 System.ApplicationException: Error getting data.
   at TransightInterface.Data.GetPosmasterSHNewList(DateTime GenerateDate) in C:\Users\Administrator\Documents\ANW FILES\MI Chilis-Sunway-Putra - H(D) -v1.2\Mall Interface 01\MallInterface\Data.cs:line 743
   at TransightInterface.Business.ExportNew(DateTime StartDate, DateTime EndDate, FormMain FrmMain) in C:\Users\Administrator\Documents\ANW FILES\MI Chilis-Sunway-Putra - H(D) -v1.2\Mall Interface 01\MallInterface\Business.cs:line 592
