2019-12-19 17:36:16 [Business/Export] Error during export.
2019-12-19 17:36:16 System.ArgumentException: Column 'SalesAmount' does not belong to table .
   at System.Data.DataRow.GetDataColumn(String columnName)
   at System.Data.DataRow.get_Item(String columnName)
   at TransightInterface.Data.GetPosmasterSHList(DateTime GenerateDate) in C:\Nurul\Code\OT-Senai\OT-Senai\ParadigmMallInterface\Data.cs:line 525
   at TransightInterface.Business.Export(DateTime StartDate, DateTime EndDate, FormMain FrmMain) in C:\Nurul\Code\OT-Senai\OT-Senai\ParadigmMallInterface\Business.cs:line 322
2019-12-19 18:06:01 [Business/Export] Error during export.
2019-12-19 18:06:01 System.ArgumentException: Column 'SalesAmount' does not belong to table .
   at System.Data.DataRow.GetDataColumn(String columnName)
   at System.Data.DataRow.get_Item(String columnName)
   at TransightInterface.Data.GetPosmasterSHList(DateTime GenerateDate) in C:\Nurul\Code\OT-Senai\OT-Senai\ParadigmMallInterface\Data.cs:line 525
   at TransightInterface.Business.Export(DateTime StartDate, DateTime EndDate, FormMain FrmMain) in C:\Nurul\Code\OT-Senai\OT-Senai\ParadigmMallInterface\Business.cs:line 339
2019-12-19 18:08:51 [Business/Export] Error during export.
2019-12-19 18:08:51 System.ArgumentException: Column 'SalesAmount' does not belong to table .
   at System.Data.DataRow.GetDataColumn(String columnName)
   at System.Data.DataRow.get_Item(String columnName)
   at TransightInterface.Data.GetPosmasterSHList(DateTime GenerateDate) in C:\Nurul\Code\OT-Senai\OT-Senai\ParadigmMallInterface\Data.cs:line 525
   at TransightInterface.Business.Export(DateTime StartDate, DateTime EndDate, FormMain FrmMain) in C:\Nurul\Code\OT-Senai\OT-Senai\ParadigmMallInterface\Business.cs:line 339
2019-12-19 18:10:12 [Business/Export] Error during export.
2019-12-19 18:10:13 System.ArgumentException: Column 'SalesAmount' does not belong to table .
   at System.Data.DataRow.GetDataColumn(String columnName)
   at System.Data.DataRow.get_Item(String columnName)
   at TransightInterface.Data.GetPosmasterSHList(DateTime GenerateDate) in C:\Nurul\Code\OT-Senai\OT-Senai\ParadigmMallInterface\Data.cs:line 525
   at TransightInterface.Business.Export(DateTime StartDate, DateTime EndDate, FormMain FrmMain) in C:\Nurul\Code\OT-Senai\OT-Senai\ParadigmMallInterface\Business.cs:line 339
2019-12-19 18:30:05 [Business/Export] WebException Error during export to FTP.
2019-12-19 18:30:05 
2019-12-19 19:25:12 [Business/Export] Error during export.
2019-12-19 19:25:12 System.ArgumentException: Column 'ReceiptCount' does not belong to table .
   at System.Data.DataRow.GetDataColumn(String columnName)
   at System.Data.DataRow.get_Item(String columnName)
   at TransightInterface.Data.GetPosmasterSHList(DateTime GenerateDate) in C:\Nurul\Code\OT-Senai\OT-Senai\ParadigmMallInterface\Data.cs:line 563
   at TransightInterface.Business.Export(DateTime StartDate, DateTime EndDate, FormMain FrmMain) in C:\Nurul\Code\OT-Senai\OT-Senai\ParadigmMallInterface\Business.cs:line 339
2019-12-19 19:28:31 [Business/Export] Error during export.
2019-12-19 19:28:31 System.ArgumentException: Column 'ReceiptCount' does not belong to table .
   at System.Data.DataRow.GetDataColumn(String columnName)
   at System.Data.DataRow.get_Item(String columnName)
   at TransightInterface.Data.GetPosmasterSHList(DateTime GenerateDate) in C:\Nurul\Code\OT-Senai\OT-Senai\ParadigmMallInterface\Data.cs:line 563
   at TransightInterface.Business.Export(DateTime StartDate, DateTime EndDate, FormMain FrmMain) in C:\Nurul\Code\OT-Senai\OT-Senai\ParadigmMallInterface\Business.cs:line 339
2019-12-19 19:29:21 [Business/Export] Error during export.
2019-12-19 19:29:21 System.ArgumentException: Column 'ReceiptCount' does not belong to table .
   at System.Data.DataRow.GetDataColumn(String columnName)
   at System.Data.DataRow.get_Item(String columnName)
   at TransightInterface.Data.GetPosmasterSHList(DateTime GenerateDate) in C:\Nurul\Code\OT-Senai\OT-Senai\ParadigmMallInterface\Data.cs:line 563
   at TransightInterface.Business.Export(DateTime StartDate, DateTime EndDate, FormMain FrmMain) in C:\Nurul\Code\OT-Senai\OT-Senai\ParadigmMallInterface\Business.cs:line 339
